<?xml version="1.0" encoding="UTF-8"?>
<!-- Generated by org.testng.reporters.JUnitReportReporter -->
<testsuite hostname="LIN33004770" failures="0" tests="1" name="testNG.Parameters" time="16.236" errors="0" timestamp="2023-08-25T15:59:12 IST" skipped="0">
  <testcase classname="testNG.Parameters" name="login" time="16.236"/>
</testsuite> <!-- testNG.Parameters -->
