<?xml version="1.0" encoding="UTF-8"?>
<!-- Generated by org.testng.reporters.JUnitReportReporter -->
<testsuite hostname="LIN33004770" failures="0" tests="1" name="testNG.testTestNG3$testTestNG4" time="0.002" errors="0" timestamp="2023-08-25T12:38:32 IST" skipped="0">
  <testcase classname="testNG.testTestNG3$testTestNG4" name="sample" time="0.002"/>
</testsuite> <!-- testNG.testTestNG3$testTestNG4 -->
