<?xml version="1.0" encoding="UTF-8"?>
<!-- Generated by org.testng.reporters.JUnitReportReporter -->
<testsuite hostname="LIN33004770" failures="0" tests="1" name="properTestNGFormat.Login" time="0.175" errors="0" timestamp="2023-08-25T18:43:21 IST" skipped="0">
  <testcase classname="properTestNGFormat.Login" name="close" time="0.175"/>
</testsuite> <!-- properTestNGFormat.Login -->
