<?xml version="1.0" encoding="UTF-8"?>
<!-- Generated by org.testng.reporters.JUnitReportReporter -->
<testsuite hostname="LIN33004770" failures="0" tests="2" name="testNG.TestNGTest4" time="0.011" errors="0" timestamp="2023-08-25T15:14:12 IST" skipped="0">
  <testcase classname="testNG.TestNGTest4" name="test6" time="0.009"/>
  <testcase classname="testNG.TestNGTest4" name="test7" time="0.002"/>
</testsuite> <!-- testNG.TestNGTest4 -->
