<?xml version="1.0" encoding="UTF-8"?>
<!-- Generated by org.testng.reporters.JUnitReportReporter -->
<testsuite hostname="LIN33004770" failures="0" tests="3" name="testNG.Enabled" time="6.295" errors="0" timestamp="2023-08-25T17:09:26 IST" skipped="1">
  <testcase classname="testNG.Enabled" name="enterPassword" time="3.143"/>
  <testcase classname="testNG.Enabled" name="enterEmail" time="3.152"/>
  <testcase classname="testNG.Enabled" name="clickBtn">
    <skipped/>
  </testcase> <!-- clickBtn -->
</testsuite> <!-- testNG.Enabled -->
