<?xml version="1.0" encoding="UTF-8"?>
<!-- Generated by org.testng.reporters.JUnitReportReporter -->
<testsuite hostname="LIN33004770" failures="0" tests="1" name="testNG.TestTestNG2" time="0.001" errors="0" timestamp="2023-08-25T15:14:12 IST" skipped="0">
  <testcase classname="testNG.TestTestNG2" name="test" time="0.001"/>
</testsuite> <!-- testNG.TestTestNG2 -->
