<?xml version="1.0" encoding="UTF-8"?>
<!-- Generated by org.testng.reporters.JUnitReportReporter -->
<testsuite hostname="LIN33004770" failures="0" tests="3" name="testNG.DependsonMethod" time="7.946" errors="0" timestamp="2023-08-25T16:38:26 IST" skipped="0">
  <testcase classname="testNG.DependsonMethod" name="clickBtn" time="1.544"/>
  <testcase classname="testNG.DependsonMethod" name="enterEmail" time="3.266"/>
  <testcase classname="testNG.DependsonMethod" name="enterPassword" time="3.136"/>
</testsuite> <!-- testNG.DependsonMethod -->
