<?xml version="1.0" encoding="UTF-8"?>
<!-- Generated by org.testng.reporters.JUnitReportReporter -->
<testsuite hostname="LIN33004770" failures="0" tests="1" name="testNG.Annotations" time="16.549" errors="0" timestamp="2023-08-25T13:58:45 IST" skipped="0">
  <testcase classname="testNG.Annotations" name="login" time="16.549"/>
</testsuite> <!-- testNG.Annotations -->
